1521825482137	geckodriver	INFO	geckodriver 0.19.1
1521825482144	geckodriver	INFO	Listening on 127.0.0.1:61294
1521825483383	mozrunner::runner	INFO	Running command: "/Applications/Firefox.app/Contents/MacOS/firefox-bin" "-marionette" "-profile" "/var/folders/7z/_cb89nn53_d9psrml93nx81c0000gn/T/rust_mozprofile.xopTq023uB3k"
1521825490199	Marionette	INFO	Enabled via --marionette
2018-03-23 13:18:11.159 plugin-container[14292:5051057] *** CFMessagePort: bootstrap_register(): failed 1100 (0x44c) 'Permission denied', port = 0xaf3f, name = 'com.apple.tsm.portname'
See /usr/include/servers/bootstrap_defs.h for the error codes.
2018-03-23 13:18:11.400 plugin-container[14292:5051057] *** CFMessagePort: bootstrap_register(): failed 1100 (0x44c) 'Permission denied', port = 0xafbb, name = 'com.apple.coredrag'
See /usr/include/servers/bootstrap_defs.h for the error codes.
1521825491488	Marionette	INFO	Listening on port 61303
2018-03-23 13:18:12.046 plugin-container[14293:5051195] *** CFMessagePort: bootstrap_register(): failed 1100 (0x44c) 'Permission denied', port = 0xad37, name = 'com.apple.tsm.portname'
See /usr/include/servers/bootstrap_defs.h for the error codes.
2018-03-23 13:18:12.190 plugin-container[14293:5051195] *** CFMessagePort: bootstrap_register(): failed 1100 (0x44c) 'Permission denied', port = 0xad13, name = 'com.apple.coredrag'
See /usr/include/servers/bootstrap_defs.h for the error codes.
1521825516243	addons.productaddons	WARN	Failed downloading via XHR, status: 0, reason: error
2018-03-23 13:19:26.519 firefox-bin[14291:5050862] IMKInputSession [0x11fe6c8b0 presentFunctionRowItemTextInputViewWithEndpoint:completionHandler:] : [self textInputContext]=0x11d79ba60 *NO* NSRemoteViewController to client, NSError=Error Domain=NSCocoaErrorDomain Code=4097 "connection from pid 0" UserInfo={NSDebugDescription=connection from pid 0}, com.apple.inputmethod.EmojiFunctionRowItem
2018-03-23 13:19:26.539 firefox-bin[14291:5050862] IMKInputSession [0x11fe6c8b0 presentFunctionRowItemTextInputViewWithEndpoint:completionHandler:] : [self textInputContext]=0x11d79ba60 *NO* NSRemoteViewController to client, NSError=Error Domain=NSCocoaErrorDomain Code=4097 "connection from pid 0" UserInfo={NSDebugDescription=connection from pid 0}, com.apple.inputmethod.EmojiFunctionRowItem
1521826556989	geckodriver	INFO	geckodriver 0.19.1
1521826556996	geckodriver	INFO	Listening on 127.0.0.1:64075
1521826558139	mozrunner::runner	INFO	Running command: "/Applications/Firefox.app/Contents/MacOS/firefox-bin" "-marionette" "-profile" "/var/folders/7z/_cb89nn53_d9psrml93nx81c0000gn/T/rust_mozprofile.DK1KgaxhJ0aB"
1521826558779	Marionette	INFO	Enabled via --marionette
2018-03-23 13:35:59.661 plugin-container[14379:5088041] *** CFMessagePort: bootstrap_register(): failed 1100 (0x44c) 'Permission denied', port = 0xb13b, name = 'com.apple.tsm.portname'
See /usr/include/servers/bootstrap_defs.h for the error codes.
2018-03-23 13:35:59.799 plugin-container[14379:5088041] *** CFMessagePort: bootstrap_register(): failed 1100 (0x44c) 'Permission denied', port = 0xb1b7, name = 'com.apple.coredrag'
See /usr/include/servers/bootstrap_defs.h for the error codes.
1521826560063	Marionette	INFO	Listening on port 64088
1521826560117	Marionette	WARN	TLS certificate errors will be ignored for this session
2018-03-23 13:36:00.566 plugin-container[14380:5088191] *** CFMessagePort: bootstrap_register(): failed 1100 (0x44c) 'Permission denied', port = 0xab37, name = 'com.apple.tsm.portname'
See /usr/include/servers/bootstrap_defs.h for the error codes.
2018-03-23 13:36:00.714 plugin-container[14380:5088191] *** CFMessagePort: bootstrap_register(): failed 1100 (0x44c) 'Permission denied', port = 0xab77, name = 'com.apple.coredrag'
See /usr/include/servers/bootstrap_defs.h for the error codes.
2018-03-23 13:36:06.040 firefox-bin[14378:5087954] IMKInputSession [0x125a4d310 presentFunctionRowItemTextInputViewWithEndpoint:completionHandler:] : [self textInputContext]=0x11eed9760 *NO* NSRemoteViewController to client, NSError=Error Domain=NSCocoaErrorDomain Code=4097 "connection from pid 0" UserInfo={NSDebugDescription=connection from pid 0}, com.apple.inputmethod.EmojiFunctionRowItem
2018-03-23 13:37:41.499 firefox-bin[14378:5087954] IMKInputSession [0x125a4d310 presentFunctionRowItemTextInputViewWithEndpoint:completionHandler:] : [self textInputContext]=0x11eed9760 *NO* NSRemoteViewController to client, NSError=Error Domain=NSCocoaErrorDomain Code=4097 "connection from pid 0" UserInfo={NSDebugDescription=connection from pid 0}, com.apple.inputmethod.EmojiFunctionRowItem
[GFX1-]: Receive IPC close with reason=AbnormalShutdown
1521826861087	geckodriver	INFO	geckodriver 0.19.1
1521826861093	geckodriver	INFO	Listening on 127.0.0.1:49199
1521826862217	mozrunner::runner	INFO	Running command: "/Applications/Firefox.app/Contents/MacOS/firefox-bin" "-marionette" "-profile" "/var/folders/7z/_cb89nn53_d9psrml93nx81c0000gn/T/rust_mozprofile.Xf8LsARPzClw"
1521826862723	Marionette	INFO	Enabled via --marionette
2018-03-23 13:41:03.564 plugin-container[14394:5098981] *** CFMessagePort: bootstrap_register(): failed 1100 (0x44c) 'Permission denied', port = 0x1523f, name = 'com.apple.tsm.portname'
See /usr/include/servers/bootstrap_defs.h for the error codes.
2018-03-23 13:41:03.722 plugin-container[14394:5098981] *** CFMessagePort: bootstrap_register(): failed 1100 (0x44c) 'Permission denied', port = 0x152bb, name = 'com.apple.coredrag'
See /usr/include/servers/bootstrap_defs.h for the error codes.
1521826863968	Marionette	INFO	Listening on port 49212
1521826863996	Marionette	WARN	TLS certificate errors will be ignored for this session
2018-03-23 13:41:04.490 plugin-container[14395:5099080] *** CFMessagePort: bootstrap_register(): failed 1100 (0x44c) 'Permission denied', port = 0x1533f, name = 'com.apple.tsm.portname'
See /usr/include/servers/bootstrap_defs.h for the error codes.
2018-03-23 13:41:04.655 plugin-container[14395:5099080] *** CFMessagePort: bootstrap_register(): failed 1100 (0x44c) 'Permission denied', port = 0x154a7, name = 'com.apple.coredrag'
See /usr/include/servers/bootstrap_defs.h for the error codes.
2018-03-23 13:41:08.871 firefox-bin[14393:5098880] IMKInputSession [0x12f928b80 presentFunctionRowItemTextInputViewWithEndpoint:completionHandler:] : [self textInputContext]=0x12861a700 *NO* NSRemoteViewController to client, NSError=Error Domain=NSCocoaErrorDomain Code=4097 "connection from pid 0" UserInfo={NSDebugDescription=connection from pid 0}, com.apple.inputmethod.EmojiFunctionRowItem
2018-03-23 13:41:43.364 firefox-bin[14393:5098880] IMKInputSession [0x12f928b80 presentFunctionRowItemTextInputViewWithEndpoint:completionHandler:] : [self textInputContext]=0x12861a700 *NO* NSRemoteViewController to client, NSError=Error Domain=NSCocoaErrorDomain Code=4097 "connection from pid 0" UserInfo={NSDebugDescription=connection from pid 0}, com.apple.inputmethod.EmojiFunctionRowItem
2018-03-23 13:43:32.398 firefox-bin[14393:5098880] IMKInputSession [0x12f928b80 presentFunctionRowItemTextInputViewWithEndpoint:completionHandler:] : [self textInputContext]=0x12861a700 *NO* NSRemoteViewController to client, NSError=Error Domain=NSCocoaErrorDomain Code=4097 "connection from pid 0" UserInfo={NSDebugDescription=connection from pid 0}, com.apple.inputmethod.EmojiFunctionRowItem
2018-03-23 13:43:32.665 firefox-bin[14393:5098880] IMKInputSession [0x12f928b80 presentFunctionRowItemTextInputViewWithEndpoint:completionHandler:] : [self textInputContext]=0x12861a700 *NO* NSRemoteViewController to client, NSError=Error Domain=NSCocoaErrorDomain Code=4097 "connection from pid 0" UserInfo={NSDebugDescription=connection from pid 0}, com.apple.inputmethod.EmojiFunctionRowItem
2018-03-23 13:43:32.724 firefox-bin[14393:5098880] IMKInputSession [0x12f928b80 presentFunctionRowItemTextInputViewWithEndpoint:completionHandler:] : [self textInputContext]=0x12861a700 *NO* NSRemoteViewController to client, NSError=Error Domain=NSCocoaErrorDomain Code=4097 "connection from pid 0" UserInfo={NSDebugDescription=connection from pid 0}, com.apple.inputmethod.EmojiFunctionRowItem
2018-03-23 13:44:20.445 firefox-bin[14393:5098880] IMKInputSession [0x12f928b80 presentFunctionRowItemTextInputViewWithEndpoint:completionHandler:] : [self textInputContext]=0x12861a700 *NO* NSRemoteViewController to client, NSError=Error Domain=NSCocoaErrorDomain Code=4097 "connection from pid 0" UserInfo={NSDebugDescription=connection from pid 0}, com.apple.inputmethod.EmojiFunctionRowItem
2018-03-23 13:49:27.630 firefox-bin[14393:5098880] IMKInputSession [0x12f928b80 presentFunctionRowItemTextInputViewWithEndpoint:completionHandler:] : [self textInputContext]=0x12861a700 *NO* NSRemoteViewController to client, NSError=Error Domain=NSCocoaErrorDomain Code=4097 "connection from pid 0" UserInfo={NSDebugDescription=connection from pid 0}, com.apple.inputmethod.EmojiFunctionRowItem
2018-03-23 13:49:27.639 firefox-bin[14393:5098880] IMKInputSession [0x12f928b80 presentFunctionRowItemTextInputViewWithEndpoint:completionHandler:] : [self textInputContext]=0x12861a700 *NO* NSRemoteViewController to client, NSError=Error Domain=NSCocoaErrorDomain Code=4097 "connection from pid 0" UserInfo={NSDebugDescription=connection from pid 0}, com.apple.inputmethod.EmojiFunctionRowItem
2018-03-23 13:51:48.380 firefox-bin[14393:5098880] IMKInputSession [0x12f928b80 presentFunctionRowItemTextInputViewWithEndpoint:completionHandler:] : [self textInputContext]=0x12861a700 *NO* NSRemoteViewController to client, NSError=Error Domain=NSCocoaErrorDomain Code=4097 "connection from pid 0" UserInfo={NSDebugDescription=connection from pid 0}, com.apple.inputmethod.EmojiFunctionRowItem
2018-03-23 13:51:48.389 firefox-bin[14393:5098880] IMKInputSession [0x12f928b80 presentFunctionRowItemTextInputViewWithEndpoint:completionHandler:] : [self textInputContext]=0x12861a700 *NO* NSRemoteViewController to client, NSError=Error Domain=NSCocoaErrorDomain Code=4097 "connection from pid 0" UserInfo={NSDebugDescription=connection from pid 0}, com.apple.inputmethod.EmojiFunctionRowItem
2018-03-23 13:51:52.117 firefox-bin[14393:5098880] IMKInputSession [0x12f928b80 presentFunctionRowItemTextInputViewWithEndpoint:completionHandler:] : [self textInputContext]=0x12861a700 *NO* NSRemoteViewController to client, NSError=Error Domain=NSCocoaErrorDomain Code=4097 "connection from pid 0" UserInfo={NSDebugDescription=connection from pid 0}, com.apple.inputmethod.EmojiFunctionRowItem
2018-03-23 13:51:52.125 firefox-bin[14393:5098880] IMKInputSession [0x12f928b80 presentFunctionRowItemTextInputViewWithEndpoint:completionHandler:] : [self textInputContext]=0x12861a700 *NO* NSRemoteViewController to client, NSError=Error Domain=NSCocoaErrorDomain Code=4097 "connection from pid 0" UserInfo={NSDebugDescription=connection from pid 0}, com.apple.inputmethod.EmojiFunctionRowItem
2018-03-23 13:52:39.247 firefox-bin[14393:5098880] IMKInputSession [0x12f928b80 presentFunctionRowItemTextInputViewWithEndpoint:completionHandler:] : [self textInputContext]=0x12861a700 *NO* NSRemoteViewController to client, NSError=Error Domain=NSCocoaErrorDomain Code=4097 "connection from pid 0" UserInfo={NSDebugDescription=connection from pid 0}, com.apple.inputmethod.EmojiFunctionRowItem
2018-03-23 13:52:39.261 firefox-bin[14393:5098880] IMKInputSession [0x12f928b80 presentFunctionRowItemTextInputViewWithEndpoint:completionHandler:] : [self textInputContext]=0x12861a700 *NO* NSRemoteViewController to client, NSError=Error Domain=NSCocoaErrorDomain Code=4097 "connection from pid 0" UserInfo={NSDebugDescription=connection from pid 0}, com.apple.inputmethod.EmojiFunctionRowItem
2018-03-23 13:58:51.582 firefox-bin[14393:5098880] IMKInputSession [0x12f928b80 presentFunctionRowItemTextInputViewWithEndpoint:completionHandler:] : [self textInputContext]=0x12861a700 *NO* NSRemoteViewController to client, NSError=Error Domain=NSCocoaErrorDomain Code=4097 "connection from pid 0" UserInfo={NSDebugDescription=connection from pid 0}, com.apple.inputmethod.EmojiFunctionRowItem
2018-03-23 13:58:51.593 firefox-bin[14393:5098880] IMKInputSession [0x12f928b80 presentFunctionRowItemTextInputViewWithEndpoint:completionHandler:] : [self textInputContext]=0x12861a700 *NO* NSRemoteViewController to client, NSError=Error Domain=NSCocoaErrorDomain Code=4097 "connection from pid 0" UserInfo={NSDebugDescription=connection from pid 0}, com.apple.inputmethod.EmojiFunctionRowItem
2018-03-23 14:00:10.283 firefox-bin[14393:5098880] IMKInputSession [0x12f928b80 presentFunctionRowItemTextInputViewWithEndpoint:completionHandler:] : [self textInputContext]=0x12861a700 *NO* NSRemoteViewController to client, NSError=Error Domain=NSCocoaErrorDomain Code=4097 "connection from pid 0" UserInfo={NSDebugDescription=connection from pid 0}, com.apple.inputmethod.EmojiFunctionRowItem
2018-03-23 14:00:12.933 firefox-bin[14393:5098880] IMKInputSession [0x12f928b80 presentFunctionRowItemTextInputViewWithEndpoint:completionHandler:] : [self textInputContext]=0x12861a700 *NO* NSRemoteViewController to client, NSError=Error Domain=NSCocoaErrorDomain Code=4097 "connection from pid 0" UserInfo={NSDebugDescription=connection from pid 0}, com.apple.inputmethod.EmojiFunctionRowItem
2018-03-23 14:13:58.457 firefox-bin[14393:5098880] IMKInputSession [0x12f928b80 presentFunctionRowItemTextInputViewWithEndpoint:completionHandler:] : [self textInputContext]=0x12861a700 *NO* NSRemoteViewController to client, NSError=Error Domain=NSCocoaErrorDomain Code=4097 "connection from pid 0" UserInfo={NSDebugDescription=connection from pid 0}, com.apple.inputmethod.EmojiFunctionRowItem
2018-03-23 14:13:58.471 firefox-bin[14393:5098880] IMKInputSession [0x12f928b80 presentFunctionRowItemTextInputViewWithEndpoint:completionHandler:] : [self textInputContext]=0x12861a700 *NO* NSRemoteViewController to client, NSError=Error Domain=NSCocoaErrorDomain Code=4097 "connection from pid 0" UserInfo={NSDebugDescription=connection from pid 0}, com.apple.inputmethod.EmojiFunctionRowItem
2018-03-23 14:14:00.359 firefox-bin[14393:5098880] IMKInputSession [0x12f928b80 presentFunctionRowItemTextInputViewWithEndpoint:completionHandler:] : [self textInputContext]=0x12861a700 *NO* NSRemoteViewController to client, NSError=Error Domain=NSCocoaErrorDomain Code=4097 "connection from pid 0" UserInfo={NSDebugDescription=connection from pid 0}, com.apple.inputmethod.EmojiFunctionRowItem
2018-03-23 14:16:03.689 firefox-bin[14393:5098880] IMKInputSession [0x12f928b80 presentFunctionRowItemTextInputViewWithEndpoint:completionHandler:] : [self textInputContext]=0x12861a700 *NO* NSRemoteViewController to client, NSError=Error Domain=NSCocoaErrorDomain Code=4097 "connection from pid 0" UserInfo={NSDebugDescription=connection from pid 0}, com.apple.inputmethod.EmojiFunctionRowItem
2018-03-23 14:16:03.698 firefox-bin[14393:5098880] IMKInputSession [0x12f928b80 presentFunctionRowItemTextInputViewWithEndpoint:completionHandler:] : [self textInputContext]=0x12861a700 *NO* NSRemoteViewController to client, NSError=Error Domain=NSCocoaErrorDomain Code=4097 "connection from pid 0" UserInfo={NSDebugDescription=connection from pid 0}, com.apple.inputmethod.EmojiFunctionRowItem
2018-03-23 14:16:07.301 firefox-bin[14393:5098880] IMKInputSession [0x12f928b80 presentFunctionRowItemTextInputViewWithEndpoint:completionHandler:] : [self textInputContext]=0x12861a700 *NO* NSRemoteViewController to client, NSError=Error Domain=NSCocoaErrorDomain Code=4097 "connection from pid 0" UserInfo={NSDebugDescription=connection from pid 0}, com.apple.inputmethod.EmojiFunctionRowItem
2018-03-23 14:16:16.426 firefox-bin[14393:5098880] IMKInputSession [0x12f928b80 presentFunctionRowItemTextInputViewWithEndpoint:completionHandler:] : [self textInputContext]=0x12861a700 *NO* NSRemoteViewController to client, NSError=Error Domain=NSCocoaErrorDomain Code=4097 "connection from pid 0" UserInfo={NSDebugDescription=connection from pid 0}, com.apple.inputmethod.EmojiFunctionRowItem
2018-03-23 14:16:16.435 firefox-bin[14393:5098880] IMKInputSession [0x12f928b80 presentFunctionRowItemTextInputViewWithEndpoint:completionHandler:] : [self textInputContext]=0x12861a700 *NO* NSRemoteViewController to client, NSError=Error Domain=NSCocoaErrorDomain Code=4097 "connection from pid 0" UserInfo={NSDebugDescription=connection from pid 0}, com.apple.inputmethod.EmojiFunctionRowItem
2018-03-23 14:16:26.822 firefox-bin[14393:5098880] IMKInputSession [0x12f928b80 presentFunctionRowItemTextInputViewWithEndpoint:completionHandler:] : [self textInputContext]=0x12861a700 *NO* NSRemoteViewController to client, NSError=Error Domain=NSCocoaErrorDomain Code=4097 "connection from pid 0" UserInfo={NSDebugDescription=connection from pid 0}, com.apple.inputmethod.EmojiFunctionRowItem
2018-03-23 14:16:26.833 firefox-bin[14393:5098880] IMKInputSession [0x12f928b80 presentFunctionRowItemTextInputViewWithEndpoint:completionHandler:] : [self textInputContext]=0x12861a700 *NO* NSRemoteViewController to client, NSError=Error Domain=NSCocoaErrorDomain Code=4097 "connection from pid 0" UserInfo={NSDebugDescription=connection from pid 0}, com.apple.inputmethod.EmojiFunctionRowItem
2018-03-23 14:16:32.799 firefox-bin[14393:5098880] IMKInputSession [0x12f928b80 presentFunctionRowItemTextInputViewWithEndpoint:completionHandler:] : [self textInputContext]=0x12861a700 *NO* NSRemoteViewController to client, NSError=Error Domain=NSCocoaErrorDomain Code=4097 "connection from pid 0" UserInfo={NSDebugDescription=connection from pid 0}, com.apple.inputmethod.EmojiFunctionRowItem
2018-03-23 14:16:32.809 firefox-bin[14393:5098880] IMKInputSession [0x12f928b80 presentFunctionRowItemTextInputViewWithEndpoint:completionHandler:] : [self textInputContext]=0x12861a700 *NO* NSRemoteViewController to client, NSError=Error Domain=NSCocoaErrorDomain Code=4097 "connection from pid 0" UserInfo={NSDebugDescription=connection from pid 0}, com.apple.inputmethod.EmojiFunctionRowItem
2018-03-23 14:16:37.673 firefox-bin[14393:5098880] IMKInputSession [0x12f928b80 presentFunctionRowItemTextInputViewWithEndpoint:completionHandler:] : [self textInputContext]=0x12861a700 *NO* NSRemoteViewController to client, NSError=Error Domain=NSCocoaErrorDomain Code=4097 "connection from pid 0" UserInfo={NSDebugDescription=connection from pid 0}, com.apple.inputmethod.EmojiFunctionRowItem
2018-03-23 14:16:37.683 firefox-bin[14393:5098880] IMKInputSession [0x12f928b80 presentFunctionRowItemTextInputViewWithEndpoint:completionHandler:] : [self textInputContext]=0x12861a700 *NO* NSRemoteViewController to client, NSError=Error Domain=NSCocoaErrorDomain Code=4097 "connection from pid 0" UserInfo={NSDebugDescription=connection from pid 0}, com.apple.inputmethod.EmojiFunctionRowItem
2018-03-23 14:17:15.138 firefox-bin[14393:5098880] IMKInputSession [0x12f928b80 presentFunctionRowItemTextInputViewWithEndpoint:completionHandler:] : [self textInputContext]=0x12861a700 *NO* NSRemoteViewController to client, NSError=Error Domain=NSCocoaErrorDomain Code=4097 "connection from pid 0" UserInfo={NSDebugDescription=connection from pid 0}, com.apple.inputmethod.EmojiFunctionRowItem
2018-03-23 14:17:15.146 firefox-bin[14393:5098880] IMKInputSession [0x12f928b80 presentFunctionRowItemTextInputViewWithEndpoint:completionHandler:] : [self textInputContext]=0x12861a700 *NO* NSRemoteViewController to client, NSError=Error Domain=NSCocoaErrorDomain Code=4097 "connection from pid 0" UserInfo={NSDebugDescription=connection from pid 0}, com.apple.inputmethod.EmojiFunctionRowItem
2018-03-23 14:17:49.332 firefox-bin[14393:5098880] IMKInputSession [0x12f928b80 presentFunctionRowItemTextInputViewWithEndpoint:completionHandler:] : [self textInputContext]=0x12861a700 *NO* NSRemoteViewController to client, NSError=Error Domain=NSCocoaErrorDomain Code=4097 "connection from pid 0" UserInfo={NSDebugDescription=connection from pid 0}, com.apple.inputmethod.EmojiFunctionRowItem
2018-03-23 14:17:49.343 firefox-bin[14393:5098880] IMKInputSession [0x12f928b80 presentFunctionRowItemTextInputViewWithEndpoint:completionHandler:] : [self textInputContext]=0x12861a700 *NO* NSRemoteViewController to client, NSError=Error Domain=NSCocoaErrorDomain Code=4097 "connection from pid 0" UserInfo={NSDebugDescription=connection from pid 0}, com.apple.inputmethod.EmojiFunctionRowItem
2018-03-23 14:29:00.308 firefox-bin[14393:5098880] IMKInputSession [0x12f928b80 presentFunctionRowItemTextInputViewWithEndpoint:completionHandler:] : [self textInputContext]=0x12861a700 *NO* NSRemoteViewController to client, NSError=Error Domain=NSCocoaErrorDomain Code=4097 "connection from pid 0" UserInfo={NSDebugDescription=connection from pid 0}, com.apple.inputmethod.EmojiFunctionRowItem
2018-03-23 14:29:00.319 firefox-bin[14393:5098880] IMKInputSession [0x12f928b80 presentFunctionRowItemTextInputViewWithEndpoint:completionHandler:] : [self textInputContext]=0x12861a700 *NO* NSRemoteViewController to client, NSError=Error Domain=NSCocoaErrorDomain Code=4097 "connection from pid 0" UserInfo={NSDebugDescription=connection from pid 0}, com.apple.inputmethod.EmojiFunctionRowItem
1527705118779	geckodriver	INFO	Listening on 127.0.0.1:56100
1527705121942	mozprofile::profile	INFO	Using profile path C:\Users\lk6me\AppData\Local\Temp\rust_mozprofile.HBCUbpRH4Qkh
1527705121957	geckodriver::marionette	INFO	Starting browser C:\Program Files\Mozilla Firefox\firefox.exe
1527705121957	geckodriver::marionette	INFO	Connecting to Marionette on localhost:56109
Unable to read VR Path Registry from C:\Users\lk6me\AppData\Local\openvr\openvrpaths.vrpath
Unable to read VR Path Registry from C:\Users\lk6me\AppData\Local\openvr\openvrpaths.vrpath
Unable to read VR Path Registry from C:\Users\lk6me\AppData\Local\openvr\openvrpaths.vrpath
Unable to read VR Path Registry from C:\Users\lk6me\AppData\Local\openvr\openvrpaths.vrpath
Unable to read VR Path Registry from C:\Users\lk6me\AppData\Local\openvr\openvrpaths.vrpath
1527705124905	Marionette	INFO	Listening on port 56109
[Parent 18740, Gecko_IOThread] WARNING: pipe error: 109: file z:/build/build/src/ipc/chromium/src/chrome/common/ipc_channel_win.cc, line 346
[Parent 18740, Gecko_IOThread] WARNING: pipe error: 109: file z:/build/build/src/ipc/chromium/src/chrome/common/ipc_channel_win.cc, line 346
[Child 15356, Chrome_ChildThread] WARNING: pipe error: 109: file z:/build/buil[Child 3700, d/src/ipc/chromium/src/chrome/common/ipc_channel_win.cc, line 346
Chrome_Child[Thread] WARNING: pipe error: 109: file z:/build/build/src/ipc/chromium/src/chrome/common/ipc_channel_win.cc, line 346
[Child 37[Parent 18740, Gecko_IOThread] WARNING: pipe error: 109: file z:/build/build/src/ipc/chromium/src/chrome/common/ipc_channel_win.cc, line 346
[Child 17280, Chrome_ChildThread] WARNING: pipe error: 109: file z:/build/build/src/ipc/chromium/src/chrome/common/ipc_channel_win.cc, line 346
[Child 172[GPU 5368,
###!!! [Child][MessageChannel::SendAndWait] Error: Channel error: cannot send/recv

1527705325401	geckodriver	INFO	Listening on 127.0.0.1:56283
1527705328503	mozprofile::profile	INFO	Using profile path C:\Users\lk6me\AppData\Local\Temp\rust_mozprofile.WnoYLpuXjEYm
1527705328503	geckodriver::marionette	INFO	Starting browser C:\Program Files\Mozilla Firefox\firefox.exe
1527705328510	geckodriver::marionette	INFO	Connecting to Marionette on localhost:56292
Unable to read VR Path Registry from C:\Users\lk6me\AppData\Local\openvr\openvrpaths.vrpath
Unable to read VR Path Registry from C:\Users\lk6me\AppData\Local\openvr\openvrpaths.vrpath
Unable to read VR Path Registry from C:\Users\lk6me\AppData\Local\openvr\openvrpaths.vrpath
Unable to read VR Path Registry from C:\Users\lk6me\AppData\Local\openvr\openvrpaths.vrpath
Unable to read VR Path Registry from C:\Users\lk6me\AppData\Local\openvr\openvrpaths.vrpath
1527705331670	Marionette	INFO	Listening on port 56292
[Parent 6876, Gecko_IOThread] WARNING: pipe error: 109: file z:/build/build/src/ipc/chromium/src/chrome/common/ipc_channel_win.cc, line 346
[Parent 6876, Gecko_IOThread] WARNING: pipe error: 109: file z:/build/build/src/ipc/chromium/src/chrome/common/ipc_channel_win.cc, line 346
[Child 2064, Chrome_ChildThread] WARNING: pipe error: 109: f[ile Child 10744, Chrome_ChildThread] WARNING: pipe error: 109: file z:/build/build/src/ipc/chromium/src/chrome/common/ipcz:_c/build/build/src/ipc/chromium/src/chrome/comhannelmon/ipc_ch_win.cc, line 346
annel_wi[Cnhi.cc, line 346
[Child 2064, Chrome_ChildThread] WARNING: pipe error: 109: file z:/build/build/src/ipc/chromium/src/chrome/common/ipc_channel_win.cc, line 346
[Parent 6876, Gecko_IOThread] WARNING: pipe error: 109: file z:/build/build/src/ipc/chromium/src/chrome/common/ipc_channel_win.cc, line 346
[Child 19032, Chrome_ChildThread] WARNING: pipe error: 109: file z:/build/build/src/ipc/chromium/src/chrome/common/ipc_channel_win.cc, line 346
[Child 1*** UTM:SVC TimerManager:registerTimer called after profile-before-change notification. Ignoring timer registration for id: telemetry_modules_ping
[GPU 6332, Chrome_ChildThread] WARNING: pipe error
###!!! [Child][MessageChannel::SendAndWait] Error: Channel error: cannot send/recv

1527705421332	geckodriver	INFO	Listening on 127.0.0.1:56427
1527705424447	mozprofile::profile	INFO	Using profile path C:\Users\lk6me\AppData\Local\Temp\rust_mozprofile.34ArhEJ21hHV
1527705424493	geckodriver::marionette	INFO	Starting browser C:\Program Files\Mozilla Firefox\firefox.exe
1527705424493	geckodriver::marionette	INFO	Connecting to Marionette on localhost:56435
Unable to read VR Path Registry from C:\Users\lk6me\AppData\Local\openvr\openvrpaths.vrpath
Unable to read VR Path Registry from C:\Users\lk6me\AppData\Local\openvr\openvrpaths.vrpath
Unable to read VR Path Registry from C:\Users\lk6me\AppData\Local\openvr\openvrpaths.vrpath
Unable to read VR Path Registry from C:\Users\lk6me\AppData\Local\openvr\openvrpaths.vrpath
Unable to read VR Path Registry from C:\Users\lk6me\AppData\Local\openvr\openvrpaths.vrpath
1527705427648	Marionette	INFO	Listening on port 56435
[Parent 15936, Gecko_IOThread] WARNING: pipe error: 109: file z:/build/build/src/ipc/chromium/src/chrome/common/ipc_channel_win.cc, line 346
[Parent 15936, Gecko_IOThread] WARNING: pipe error: 109: file z:/build/build/src/ipc/chromium/src/chrome/common/ipc_channel_win.cc, line 346
[Parent 15936, Gecko_IOThread] WARNING: pipe error: 109: file z:/build/build/src/ipc/chromium/src/chrome/common/ipc_channel_win.cc, line 346
[Child 16596, Chrome_ChildThread] WARNING: pipe error: 109: file z:/build/build/src/ipc/chromium/src[Child 10664,/chrome Chrome_ChildThread] WARNING: pipe error: 109: file z:/build/build/src/ipc/chromium/src/chrome/common/ipc_channel_win.cc, line 346
/common/ipc_c[hannel_win.cc, line 346
[Child 16596, Chrome_[Parent 15936, Gecko_IOThread] WARNING: pipe error: 109: file z:/build/build/src/ipc/chromium/src/chrome/common/ipc_channel_win.cc, line 346
[Child 21832,[Child 13860, Chrome_ChildThread] WARNING: pipe error: 109: file z:/build/build/src/ipc/chromium/src/chrome/common/ipc_channel_win.cc, line 346
[Child 10200, ##!!! [Child][MessageChannel::SendAndWait] Error: Channel error: cannot send/recv

1527706061563	geckodriver	INFO	Listening on 127.0.0.1:56978
1527706064671	mozprofile::profile	INFO	Using profile path C:\Users\lk6me\AppData\Local\Temp\rust_mozprofile.NacY9064FQFq
1527706064671	geckodriver::marionette	INFO	Starting browser C:\Program Files\Mozilla Firefox\firefox.exe
1527706064687	geckodriver::marionette	INFO	Connecting to Marionette on localhost:56986
Unable to read VR Path Registry from C:\Users\lk6me\AppData\Local\openvr\openvrpaths.vrpath
Unable to read VR Path Registry from C:\Users\lk6me\AppData\Local\openvr\openvrpaths.vrpath
Unable to read VR Path Registry from C:\Users\lk6me\AppData\Local\openvr\openvrpaths.vrpath
Unable to read VR Path Registry from C:\Users\lk6me\AppData\Local\openvr\openvrpaths.vrpath
Unable to read VR Path Registry from C:\Users\lk6me\AppData\Local\openvr\openvrpaths.vrpath
1527706067669	Marionette	INFO	Listening on port 56986
[Parent 20148, Gecko_IOThread] WARNING: pipe error: 109: file z:/build/build/src/ipc/chromium/src/chrome/common/ipc_channel_win.cc, line 346
[Child 12872, Chrome_ChildThread] WARNING: pipe error: 109: file z:/build/build/src/ipc/chromium/src/chrome/common/ipc_channel_win.cc, line 346
[Child 12872, Chrome_Ch[Child 652, Chrome_ChildThread] WARNING: pipe error: 109: file z:/build/build/src/ipc/chromium/src/chrome/common/ipc_channel_win.cc, line 346
[Child 652, Chrom[Parent 20148, Gecko_IOThread] WARNING: pipe error: 109: file z:/build/build/src/ipc/chromium/src/chrome/common/ipc_channel_win.cc, line 346
[Child 18716, Chrome_ChildThread] WARNING: pipe error: 109: file z:/build/build/src/ipc/chromium/src/chrome/common/ipc_channel_win.cc, line 346
[Child 18716[GPU 9800, Chrome_
###!!! [Child][MessageChannel::SendAndWait] Error: Channel error: cannot send/recv

ng on port 57144
[Child 21104, Chrome_ChildThread] WARNING: pipe[Pare error: 109: file znt:/build/build/src/ipc/chromium/src/chrome/common/ipc_channel_win.cc, line 346
 18792, Gecko[_IOThread] WARNING: pipe error: 109: file z:/build/build/src/ipc/chromium/src/chrome/common/ipc_channel_win.cc, line 346
[Child 15248, Chrome_ChildThread] WARNING: pipe error: 109: file z:/build/build/src/ipc/chromium/src/chrome/common/ipc_channel_win.cc, line 346
[Child 15248, Ch[Parent 18792, Gecko_IOThread] WARNING: pipe error: 109: file z:/build/build/src/ipc/chromium/src/chrome/common/ipc_channel_win.cc, line 346
[Child 2348, Chrome_ChildThread] WARNING: pipe error: 109: file z:/build/build/src/ipc/chromium/src/chrome/common/ipc_channel_win.cc, line 346
[Child 2348, Ch[GPU 12036,
###!!! [Child][MessageChannel::SendAndWait] Error: Channel error: cannot send/recv

1527706397316	geckodriver	INFO	Listening on 127.0.0.1:57286
1527706400424	mozprofile::profile	INFO	Using profile path C:\Users\lk6me\AppData\Local\Temp\rust_mozprofile.JqJ11oZSR20k
1527706400424	geckodriver::marionette	INFO	Starting browser C:\Program Files\Mozilla Firefox\firefox.exe
1527706400439	geckodriver::marionette	INFO	Connecting to Marionette on localhost:57294
Unable to read VR Path Registry from C:\Users\lk6me\AppData\Local\openvr\openvrpaths.vrpath
Unable to read VR Path Registry from C:\Users\lk6me\AppData\Local\openvr\openvrpaths.vrpath
Unable to read VR Path Registry from C:\Users\lk6me\AppData\Local\openvr\openvrpaths.vrpath
Unable to read VR Path Registry from C:\Users\lk6me\AppData\Local\openvr\openvrpaths.vrpath
Unable to read VR Path Registry from C:\Users\lk6me\AppData\Local\openvr\openvrpaths.vrpath
1527706403527	Marionette	INFO	Listening on port 57294
console.warn: LoginRecipes: getRecipes: falling back to a synchronous message for: https://slack.com
IPDL protocol error: Handler returned error code!

###!!! [Parent][DispatchAsyncMessage] Error: PLayerTransaction::Msg_ReleaseLayer Processing error: message was deserialized, but the handler returned false (indicating failure)

IPDL protocol error: Handler returned error code!

###!!! [Parent][DispatchAsyncMessage] Error: PLayerTransaction::Msg_ReleaseLayer Processing error: message was deserialized, but the handler returned false (indicating failure)

IPDL protocol error: Handler returned error code!

###!!! [Parent][DispatchAsyncMessage] Error: PLayerTransaction::Msg_ReleaseLayer Processing error: message was deserialized, but the handler returned false (indicating failure)

IPDL protocol error: Handler returned error code!

###!!! [Parent][DispatchAsyncMessage] Error: PLayerTransaction::Msg_ReleaseLayer Processing error: message was deserialized, but the handler returned false (indicating failure)

IPDL protocol error: Handler returned error code!

###!!! [Parent][DispatchAsyncMessage] Error: PLayerTransaction::Msg_ReleaseLayer Processing error: message was deserialized, but the handler returned false (indicating failure)

IPDL protocol error: Handler returned error code!

###!!! [Parent][DispatchAsyncMessage] Error: PLayerTransaction::Msg_ReleaseLayer Processing error: message was deserialized, but the handler returned false (indicating failure)

IPDL protocol error: Handler returned error code!

###!!! [Parent][DispatchAsyncMessage] Error: PLayerTransaction::Msg_ReleaseLayer Processing error: message was deserialized, but the handler returned false (indicating failure)

[Parent 12180, Gecko_IOThread] WARNING: pipe error: 109: file z:/build/build/src/ipc/chromium/src/chrome/common/ipc_channel_win.cc, line 346
[Parent 12180, Gecko_IOThread] WARNING: pipe error: 109: file z:/build/build/src/ipc/chromium/src/chrome/common/ipc_channel_win.cc, line 346
[Child 10712, Chrome_ChildThread] WARNING: pipe error: 109: file z:/build/build/src/ipc/chromium/src/chrome/common/ipc_channel_win.cc, line 346[Child 8420, Chrome_ChildThread] WARNING: pipe error: 109: file z:/build/build/src/ipc/chromium/src/chrome/common/ipc_channel_win.cc, line 346

[Child 8[Chi[Parent 12180, Gecko_IOThread] WARNING: pipe error: 109: file z:/build/build/src/ipc/chromium/src/chrome/common/ipc_channel_win.cc, line 346
[Child 16600, Chrome_ChildThread] WARNING: pipe error: 109: file z:/build/build/src/ipc/chromium/src/chrome/common/ipc_channel_win.cc, line 346
[Child 1[GPU 12168,
###!!! [Child][MessageChannel::SendAndWait] Error: Channel error: cannot send/recv

